SF:lib\models\release_notes_model.dart
DA:5,1
LF:1
LH:1
end_of_record
SF:lib\releasenotes.dart
DA:15,1
DA:18,2
DA:19,2
DA:21,1
DA:26,5
DA:27,5
DA:28,1
DA:29,0
DA:32,1
DA:33,1
DA:38,2
DA:39,1
DA:40,1
DA:41,1
DA:44,3
DA:47,1
DA:48,0
DA:49,0
DA:53,0
DA:56,1
DA:57,1
DA:61,1
DA:64,1
DA:66,1
LF:24
LH:20
end_of_record
SF:lib\itunes_search_api.dart
DA:18,1
DA:24,2
DA:25,1
DA:27,1
DA:34,1
DA:37,3
DA:38,1
DA:40,2
DA:43,0
DA:48,0
DA:54,0
DA:56,0
DA:62,0
DA:65,0
DA:66,0
DA:69,0
DA:74,1
DA:80,1
DA:84,1
DA:86,1
DA:87,1
DA:90,1
DA:93,0
DA:99,0
DA:101,0
DA:103,0
DA:104,0
DA:107,0
DA:111,1
DA:115,1
DA:117,1
DA:118,4
DA:120,5
DA:122,1
DA:124,1
DA:127,1
DA:128,1
DA:129,1
DA:130,1
DA:131,1
DA:132,1
DA:133,1
DA:134,0
DA:145,0
DA:148,0
DA:150,0
DA:155,1
DA:158,2
DA:160,3
LF:49
LH:31
end_of_record
SF:lib\play_store_search_api.dart
DA:7,2
DA:13,0
DA:17,0
DA:18,0
DA:20,0
DA:22,0
DA:23,0
DA:27,0
DA:28,0
DA:29,0
DA:33,0
DA:36,0
DA:37,0
DA:42,0
DA:46,0
DA:47,0
DA:49,0
DA:50,0
DA:51,0
DA:53,0
DA:54,0
DA:57,0
DA:59,0
DA:60,0
DA:65,0
DA:66,0
DA:67,0
DA:75,0
DA:77,0
DA:79,0
DA:80,0
DA:82,0
DA:83,0
DA:84,0
DA:87,0
DA:91,0
DA:93,0
DA:94,0
DA:95,0
DA:98,0
DA:103,0
DA:105,0
DA:106,0
DA:107,0
DA:108,0
DA:111,0
DA:112,0
DA:115,0
DA:119,0
DA:123,0
DA:126,0
DA:128,0
DA:129,0
DA:132,0
DA:137,0
DA:138,0
DA:141,0
DA:142,0
DA:145,0
LF:59
LH:1
end_of_record
SF:lib\update_checker.dart
DA:7,1
DA:15,0
DA:17,1
DA:21,1
DA:27,2
DA:29,1
DA:30,2
DA:32,0
DA:34,2
DA:35,1
DA:36,1
DA:38,1
DA:40,0
DA:41,0
DA:45,0
DA:47,1
DA:55,0
DA:60,0
DA:63,0
DA:66,0
DA:67,0
DA:69,0
DA:71,0
DA:72,0
DA:73,0
DA:74,0
DA:77,0
DA:79,0
LF:28
LH:11
end_of_record
SF:lib\update_checker_result.dart
DA:9,1
DA:16,0
DA:17,0
DA:19,0
DA:21,0
DA:23,0
DA:25,0
DA:26,0
DA:27,0
DA:29,0
DA:30,0
DA:31,0
DA:33,0
DA:34,0
DA:41,0
DA:43,0
LF:16
LH:1
end_of_record
